-------------------------------------------------------------------------------
Test set: Test.AcceptanceTestSuite
-------------------------------------------------------------------------------
Tests run: 13, Failures: 0, Errors: 2, Skipped: 4, Time elapsed: 267.2 sec <<< FAILURE! - in Test.AcceptanceTestSuite
Given the user is on the google translate page 'English' 'Ukrainian'(Test.steps.GoogleTranslateDefSteps)  Time elapsed: 118.091 sec  <<< ERROR!
net.serenitybdd.core.exceptions.SerenityManagedException: The following error occurred: Expected enabled element was not enabled
	at Test.steps.GoogleTranslateDefSteps.givenTheUserIsOnTheGoogleTranslatePage(GoogleTranslateDefSteps.java:18)
Caused by: org.openqa.selenium.TimeoutException: Expected condition failed: waiting for GoogleTranslatePage.moreButtonEng to be enabled (tried for 5 second(s) with 100 MILLISECONDS interval)
	at Test.steps.GoogleTranslateDefSteps.givenTheUserIsOnTheGoogleTranslatePage(GoogleTranslateDefSteps.java:18)
Caused by: org.openqa.selenium.NoSuchElementException: 
Timed out after 50 seconds. Element not found
For documentation on this error, please visit: http://seleniumhq.org/exceptions/no_such_element.html
Build info: version: '3.7.1', revision: '8a0099a', time: '2017-11-06T21:01:39.354Z'
System info: host: 'DESKTOP-613', ip: '10.24.160.111', os.name: 'Windows 10', os.arch: 'amd64', os.version: '10.0', java.version: '1.8.0_201'
Driver info: driver.version: unknown
	at Test.steps.GoogleTranslateDefSteps.givenTheUserIsOnTheGoogleTranslatePage(GoogleTranslateDefSteps.java:18)

Given the user is on the google translate page 'English' 'Ukrainian'(Test.steps.GoogleTranslateDefSteps)  Time elapsed: 71.342 sec  <<< ERROR!
net.serenitybdd.core.exceptions.SerenityManagedException: 
The following error occurred: Timed out after 50 seconds. Element not available
Build info: version: '3.7.1', revision: '8a0099a', time: '2017-11-06T21:01:39.354Z'
System info: host: 'DESKTOP-613', ip: '10.24.160.111', os.name: 'Windows 10', os.arch: 'amd64', os.version: '10.0', java.version: '1.8.0_201'
Driver info: driver.version: unknown
	at Test.steps.GoogleTranslateDefSteps.givenTheUserIsOnTheGoogleTranslatePage(GoogleTranslateDefSteps.java:18)

