{"name":"Narrative:\r\nAs a user\r\nI want to perform an action\r\nSo that I can achieve a business goal","id":"stories/consult_dictionary/GoogleTranslateTest1.story;Narrative:\r\nAs a user\r\nI want to perform an action\r\nSo that I can achieve a business goal","testSteps":[{"number":1,"description":"Given the user is on the google translate page \u0027English\u0027 \u0027Ukrainian\u0027","duration":0,"startTime":"2019-03-04T15:36:06.361+02:00[Europe/Helsinki]","precondition":false,"children":[{"number":2,"description":"Is the home page","duration":8935,"startTime":"2019-03-04T15:36:06.862+02:00[Europe/Helsinki]","screenshots":[{"screenshot":"4224d86b3152795a8e84bd87ecdaa1ef5947144a86353578cc4e744f8c16e21b.png"}],"result":"SUCCESS","precondition":false},{"number":3,"description":"Select languages: English, Ukrainian","duration":108840,"startTime":"2019-03-04T15:36:15.850+02:00[Europe/Helsinki]","screenshots":[{"screenshot":"1c8ccaac2c362ea727fe3480c3764f17384a57fd92da16e6728492bca6b54773.png"},{"screenshot":"213b031ddaf5c8166287cb3b658c3a5589fb5ce7b811527b898f150562bf9345.png","htmlSource":"pagesource7696191125984005652.html.txt"}],"exception":{"errorType":"net.thucydides.core.webdriver.exceptions.ElementShouldBeEnabledException","message":"The following error occurred: Expected enabled element was not enabled","stackTrace":[{"declaringClass":"Test.steps.serenity.GoogleTranslateSteps","methodName":"selectLanguages","fileName":"GoogleTranslateSteps.java","lineNumber":26},{"declaringClass":"Test.steps.GoogleTranslateDefSteps","methodName":"givenTheUserIsOnTheGoogleTranslatePage","fileName":"GoogleTranslateDefSteps.java","lineNumber":18}],"rootCause":{"errorType":"org.openqa.selenium.TimeoutException","message":"Expected condition failed: waiting for GoogleTranslatePage.moreButtonEng to be enabled (tried for 5 second(s) with 100 MILLISECONDS interval)","stackTrace":[{"declaringClass":"Test.steps.serenity.GoogleTranslateSteps","methodName":"selectLanguages","fileName":"GoogleTranslateSteps.java","lineNumber":26},{"declaringClass":"Test.steps.GoogleTranslateDefSteps","methodName":"givenTheUserIsOnTheGoogleTranslatePage","fileName":"GoogleTranslateDefSteps.java","lineNumber":18}],"rootCause":{"errorType":"org.openqa.selenium.NoSuchElementException","message":"Timed out after 50 seconds. Element not found\nFor documentation on this error, please visit: http://seleniumhq.org/exceptions/no_such_element.html\nBuild info: version: \u00273.7.1\u0027, revision: \u00278a0099a\u0027, time: \u00272017-11-06T21:01:39.354Z\u0027\nSystem info: host: \u0027DESKTOP-613\u0027, ip: \u002710.24.160.111\u0027, os.name: \u0027Windows 10\u0027, os.arch: \u0027amd64\u0027, os.version: \u002710.0\u0027, java.version: \u00271.8.0_201\u0027\nDriver info: driver.version: unknown","stackTrace":[{"declaringClass":"Test.steps.serenity.GoogleTranslateSteps","methodName":"selectLanguages","fileName":"GoogleTranslateSteps.java","lineNumber":26},{"declaringClass":"Test.steps.GoogleTranslateDefSteps","methodName":"givenTheUserIsOnTheGoogleTranslatePage","fileName":"GoogleTranslateDefSteps.java","lineNumber":18}]}}},"result":"FAILURE","precondition":false},{"number":4,"description":"When the user looks up the translation of the word \u0027apple\u0027","duration":15,"startTime":"2019-03-04T15:38:04.706+02:00[Europe/Helsinki]","result":"SKIPPED","precondition":false},{"number":5,"description":"Then they should see the translate of word \u0027яблуко\u0027","duration":0,"startTime":"2019-03-04T15:38:04.721+02:00[Europe/Helsinki]","result":"SKIPPED","precondition":false}]}],"userStory":{"id":"GoogleTranslateTest1","storyName":"Google translate test1","path":"stories/consult_dictionary/GoogleTranslateTest1.story","narrative":"","type":"story"},"featureTag":{"name":"Consult dictionary/Google translate test1","type":"story"},"title":"Narrative","tags":[{"name":"Consult dictionary/Google translate test1","type":"story"},{"name":"Consult dictionary","type":"feature"}],"startTime":"2019-03-04T15:36:06.276+02:00[Europe/Helsinki]","duration":118445,"testFailureCause":{"errorType":"net.thucydides.core.webdriver.exceptions.ElementShouldBeEnabledException","message":"The following error occurred: Expected enabled element was not enabled","stackTrace":[{"declaringClass":"Test.steps.serenity.GoogleTranslateSteps","methodName":"selectLanguages","fileName":"GoogleTranslateSteps.java","lineNumber":26},{"declaringClass":"Test.steps.GoogleTranslateDefSteps","methodName":"givenTheUserIsOnTheGoogleTranslatePage","fileName":"GoogleTranslateDefSteps.java","lineNumber":18}],"rootCause":{"errorType":"org.openqa.selenium.TimeoutException","message":"Expected condition failed: waiting for GoogleTranslatePage.moreButtonEng to be enabled (tried for 5 second(s) with 100 MILLISECONDS interval)","stackTrace":[{"declaringClass":"Test.steps.serenity.GoogleTranslateSteps","methodName":"selectLanguages","fileName":"GoogleTranslateSteps.java","lineNumber":26},{"declaringClass":"Test.steps.GoogleTranslateDefSteps","methodName":"givenTheUserIsOnTheGoogleTranslatePage","fileName":"GoogleTranslateDefSteps.java","lineNumber":18}],"rootCause":{"errorType":"org.openqa.selenium.NoSuchElementException","message":"Timed out after 50 seconds. Element not found\nFor documentation on this error, please visit: http://seleniumhq.org/exceptions/no_such_element.html\nBuild info: version: \u00273.7.1\u0027, revision: \u00278a0099a\u0027, time: \u00272017-11-06T21:01:39.354Z\u0027\nSystem info: host: \u0027DESKTOP-613\u0027, ip: \u002710.24.160.111\u0027, os.name: \u0027Windows 10\u0027, os.arch: \u0027amd64\u0027, os.version: \u002710.0\u0027, java.version: \u00271.8.0_201\u0027\nDriver info: driver.version: unknown","stackTrace":[{"declaringClass":"Test.steps.serenity.GoogleTranslateSteps","methodName":"selectLanguages","fileName":"GoogleTranslateSteps.java","lineNumber":26},{"declaringClass":"Test.steps.GoogleTranslateDefSteps","methodName":"givenTheUserIsOnTheGoogleTranslatePage","fileName":"GoogleTranslateDefSteps.java","lineNumber":18}]}}},"testFailureClassname":"net.thucydides.core.webdriver.exceptions.ElementShouldBeEnabledException","testFailureMessage":"The following error occurred: Expected enabled element was not enabled","testFailureSummary":"FAILURE;net.thucydides.core.webdriver.exceptions.ElementShouldBeEnabledException;The following error occurred: Expected enabled element was not enabled;GoogleTranslateSteps.java","projectKey":"","annotatedResult":"FAILURE","sessionId":"2fd2637a1b191bdd7f53dfedf3fa2839","driver":"provided","manual":false,"testSource":"JBehave","result":"FAILURE"}